\BOOKMARK [0][-]{chapter.1}{Introduction}{}% 1
\BOOKMARK [1][-]{section.1.1}{\142\020\124\341\116\313\175\071}{chapter.1}% 2
\BOOKMARK [1][-]{section.1.2}{\147\037\147\053\134\010\230\114\116\313\175\071}{chapter.1}% 3
\BOOKMARK [0][-]{chapter.2}{Methodology}{}% 4
\BOOKMARK [1][-]{section.2.1}{\152\041\127\213\166\204\217\070\121\145\214\307\145\231}{chapter.2}% 5
\BOOKMARK [1][-]{section.2.2}{\152\041\127\213\166\204\217\070\121\372\214\307\145\231}{chapter.2}% 6
\BOOKMARK [1][-]{section.2.3}{\152\041\127\213\147\266\151\313}{chapter.2}% 7
\BOOKMARK [1][-]{section.2.4}{\131\202\117\125\123\326\121\372\152\041\127\213}{chapter.2}% 8
\BOOKMARK [1][-]{section.2.5}{Loss function\220\170\144\307\202\007\143\241\165\(}{chapter.2}% 9
\BOOKMARK [1][-]{section.2.6}{optimizer\220\170\144\307\202\007\143\241\165\(}{chapter.2}% 10
\BOOKMARK [0][-]{chapter.3}{Dataset}{}% 11
\BOOKMARK [1][-]{section.3.1}{\214\307\145\231\226\306\131\047\134\017}{chapter.3}% 12
\BOOKMARK [1][-]{section.3.2}{\214\307\145\231\226\306\117\206\156\220}{chapter.3}% 13
\BOOKMARK [1][-]{section.3.3}{\212\023\175\364\152\043\147\054\145\170\221\317}{chapter.3}% 14
\BOOKMARK [1][-]{section.3.4}{\232\127\213\111\152\043\147\054\145\170\221\317}{chapter.3}% 15
\BOOKMARK [1][-]{section.3.5}{\156\054\212\146\152\043\147\054\145\170\221\317}{chapter.3}% 16
\BOOKMARK [0][-]{chapter.4}{Experimental Evaluation}{}% 17
\BOOKMARK [1][-]{section.4.1}{\170\154\232\324\164\260\130\203}{chapter.4}% 18
\BOOKMARK [1][-]{section.4.2}{\212\023\175\364\153\041\145\170}{chapter.4}% 19
\BOOKMARK [1][-]{section.4.3}{\214\352\123\026\212\125\117\060}{chapter.4}% 20
\BOOKMARK [1][-]{section.4.4}{\221\317\123\026\212\125\117\060}{chapter.4}% 21
\BOOKMARK [1][-]{section.4.5}{System Feature 2 \(and so on\)}{chapter.4}% 22
\BOOKMARK [0][-]{chapter.5}{Demo}{}% 23
\BOOKMARK [1][-]{section.5.1}{Performance Requirements}{chapter.5}% 24
\BOOKMARK [1][-]{section.5.2}{Safety Requirements}{chapter.5}% 25
\BOOKMARK [1][-]{section.5.3}{Security Requirements}{chapter.5}% 26
\BOOKMARK [1][-]{section.5.4}{Software Quality Attributes}{chapter.5}% 27
\BOOKMARK [1][-]{section.5.5}{Business Rules}{chapter.5}% 28
\BOOKMARK [0][-]{chapter.6}{Other Requirements}{}% 29
\BOOKMARK [1][-]{section.6.1}{Appendix A: Glossary}{chapter.6}% 30
\BOOKMARK [1][-]{section.6.2}{Appendix B: Analysis Models}{chapter.6}% 31
\BOOKMARK [1][-]{section.6.3}{Appendix C: To Be Determined List}{chapter.6}% 32
